2015-11-10 15:26:56 10fc InnoDB: Warning: Using innodb_additional_mem_pool_size is DEPRECATED. This option may be removed in future releases, together with the option innodb_use_sys_malloc and with the InnoDB's internal memory allocator.
2015-11-10 15:26:56 4348 [Note] InnoDB: Using mutexes to ref count buffer pool pages
2015-11-10 15:26:56 4348 [Note] InnoDB: The InnoDB memory heap is disabled
2015-11-10 15:26:56 4348 [Note] InnoDB: Mutexes and rw_locks use Windows interlocked functions
2015-11-10 15:26:56 4348 [Note] InnoDB: Memory barrier is not used
2015-11-10 15:26:56 4348 [Note] InnoDB: Compressed tables use zlib 1.2.3
2015-11-10 15:26:56 4348 [Note] InnoDB: Not using CPU crc32 instructions
2015-11-10 15:26:56 4348 [Note] InnoDB: Initializing buffer pool, size = 16.0M
2015-11-10 15:26:56 4348 [Note] InnoDB: Completed initialization of buffer pool
2015-11-10 15:26:56 4348 [Note] InnoDB: Highest supported file format is Barracuda.
2015-11-10 15:26:57 4348 [Note] InnoDB: 128 rollback segment(s) are active.
2015-11-10 15:26:57 4348 [Note] InnoDB: Waiting for purge to start
2015-11-10 15:26:57 4348 [Note] InnoDB:  Percona XtraDB (http://www.percona.com) 5.6.26-74.0 started; log sequence number 1835027
2015-11-10 15:26:57 6140 [Note] InnoDB: Dumping buffer pool(s) not yet started
2015-11-10 15:26:57 4348 [Note] Plugin 'FEEDBACK' is disabled.
2015-11-10 15:26:57 4348 [Note] Server socket created on IP: '::'.
2015-11-10 15:26:57 4348 [Note] Event Scheduler: Loaded 0 events
2015-11-10 15:26:57 4348 [Note] C:\xampp\mysql\bin\mysqld.exe: ready for connections.
Version: '10.1.8-MariaDB'  socket: ''  port: 3306  mariadb.org binary distribution
2015-11-10 15:27:11 5152 [Note] C:\xampp\mysql\bin\mysqld.exe: Normal shutdown

2015-11-10 15:27:11 5152 [Note] Event Scheduler: Purging the queue. 0 events
2015-11-10 15:27:11 5732 [Note] InnoDB: FTS optimize thread exiting.
2015-11-10 15:27:11 5152 [Note] InnoDB: Starting shutdown...
2015-11-10 15:27:13 5152 [Note] InnoDB: Shutdown completed; log sequence number 1835037
2015-11-10 15:27:13 5152 [Note] C:\xampp\mysql\bin\mysqld.exe: Shutdown complete

2018-04-15 18:17:02 5454 InnoDB: Warning: Using innodb_additional_mem_pool_size is DEPRECATED. This option may be removed in future releases, together with the option innodb_use_sys_malloc and with the InnoDB's internal memory allocator.
2018-04-15 18:17:02 21588 [Note] InnoDB: innodb_empty_free_list_algorithm has been changed to legacy because of small buffer pool size. In order to use backoff, increase buffer pool at least up to 20MB.

2018-04-15 18:17:02 21588 [Note] InnoDB: Using mutexes to ref count buffer pool pages
2018-04-15 18:17:02 21588 [Note] InnoDB: The InnoDB memory heap is disabled
2018-04-15 18:17:02 21588 [Note] InnoDB: Mutexes and rw_locks use Windows interlocked functions
2018-04-15 18:17:02 21588 [Note] InnoDB: _mm_lfence() and _mm_sfence() are used for memory barrier
2018-04-15 18:17:02 21588 [Note] InnoDB: Compressed tables use zlib 1.2.3
2018-04-15 18:17:02 21588 [Note] InnoDB: Using generic crc32 instructions
2018-04-15 18:17:02 21588 [Note] InnoDB: Initializing buffer pool, size = 16.0M
2018-04-15 18:17:02 21588 [Note] InnoDB: Completed initialization of buffer pool
2018-04-15 18:17:02 21588 [Note] InnoDB: Highest supported file format is Barracuda.
2018-04-15 18:17:02 21588 [Note] InnoDB: 128 rollback segment(s) are active.
2018-04-15 18:17:02 21588 [Note] InnoDB: Waiting for purge to start
2018-04-15 18:17:02 21588 [Note] InnoDB:  Percona XtraDB (http://www.percona.com) 5.6.36-83.0 started; log sequence number 1835037
2018-04-15 18:17:02 32760 [Note] InnoDB: Dumping buffer pool(s) not yet started
2018-04-15 18:17:02 21588 [Note] Plugin 'FEEDBACK' is disabled.
2018-04-15 18:17:02 21588 [Note] Server socket created on IP: '::'.
2018-04-15 18:17:02 21588 [Note] c:\xampp\mysql\bin\mysqld.exe: ready for connections.
Version: '10.1.31-MariaDB'  socket: ''  port: 3306  mariadb.org binary distribution
2018-05-03 17:33:21 12034 InnoDB: Warning: Using innodb_additional_mem_pool_size is DEPRECATED. This option may be removed in future releases, together with the option innodb_use_sys_malloc and with the InnoDB's internal memory allocator.
2018-05-03 17:33:21 73780 [Note] InnoDB: innodb_empty_free_list_algorithm has been changed to legacy because of small buffer pool size. In order to use backoff, increase buffer pool at least up to 20MB.

2018-05-03 17:33:21 73780 [Note] InnoDB: Using mutexes to ref count buffer pool pages
2018-05-03 17:33:21 73780 [Note] InnoDB: The InnoDB memory heap is disabled
2018-05-03 17:33:21 73780 [Note] InnoDB: Mutexes and rw_locks use Windows interlocked functions
2018-05-03 17:33:21 73780 [Note] InnoDB: _mm_lfence() and _mm_sfence() are used for memory barrier
2018-05-03 17:33:21 73780 [Note] InnoDB: Compressed tables use zlib 1.2.3
2018-05-03 17:33:21 73780 [Note] InnoDB: Using generic crc32 instructions
2018-05-03 17:33:21 73780 [Note] InnoDB: Initializing buffer pool, size = 16.0M
2018-05-03 17:33:21 73780 [Note] InnoDB: Completed initialization of buffer pool
2018-05-03 17:33:21 73780 [Note] InnoDB: Highest supported file format is Barracuda.
2018-05-03 17:33:21 73780 [Note] InnoDB: The log sequence number 1835037 in ibdata file do not match the log sequence number 1835047 in the ib_logfiles!
2018-05-03 17:33:21 73780 [Note] InnoDB: Restoring possible half-written data pages from the doublewrite buffer...
2018-05-03 17:33:21 73780 [Note] InnoDB: 128 rollback segment(s) are active.
2018-05-03 17:33:21 73780 [Note] InnoDB: Waiting for purge to start
2018-05-03 17:33:22 73780 [Note] InnoDB:  Percona XtraDB (http://www.percona.com) 5.6.36-83.0 started; log sequence number 1835047
2018-05-03 17:33:22 73944 [Note] InnoDB: Dumping buffer pool(s) not yet started
2018-05-03 17:33:22 73780 [Note] Plugin 'FEEDBACK' is disabled.
2018-05-03 17:33:22 73780 [Note] Server socket created on IP: '::'.
2018-05-03 17:33:22 73780 [Note] c:\xampp\mysql\bin\mysqld.exe: ready for connections.
Version: '10.1.31-MariaDB'  socket: ''  port: 3306  mariadb.org binary distribution
2018-05-15 18:23:05 628 InnoDB: Warning: Using innodb_additional_mem_pool_size is DEPRECATED. This option may be removed in future releases, together with the option innodb_use_sys_malloc and with the InnoDB's internal memory allocator.
2018-05-15 18:23:05 1576 [Note] InnoDB: innodb_empty_free_list_algorithm has been changed to legacy because of small buffer pool size. In order to use backoff, increase buffer pool at least up to 20MB.

2018-05-15 18:23:05 1576 [Note] InnoDB: Using mutexes to ref count buffer pool pages
2018-05-15 18:23:05 1576 [Note] InnoDB: The InnoDB memory heap is disabled
2018-05-15 18:23:05 1576 [Note] InnoDB: Mutexes and rw_locks use Windows interlocked functions
2018-05-15 18:23:05 1576 [Note] InnoDB: _mm_lfence() and _mm_sfence() are used for memory barrier
2018-05-15 18:23:05 1576 [Note] InnoDB: Compressed tables use zlib 1.2.3
2018-05-15 18:23:05 1576 [Note] InnoDB: Using generic crc32 instructions
2018-05-15 18:23:05 1576 [Note] InnoDB: Initializing buffer pool, size = 16.0M
2018-05-15 18:23:05 1576 [Note] InnoDB: Completed initialization of buffer pool
2018-05-15 18:23:05 1576 [Note] InnoDB: Highest supported file format is Barracuda.
2018-05-15 18:23:05 1576 [Note] InnoDB: The log sequence number 1835037 in ibdata file do not match the log sequence number 1835057 in the ib_logfiles!
2018-05-15 18:23:05 1576 [Note] InnoDB: Restoring possible half-written data pages from the doublewrite buffer...
2018-05-15 18:23:05 1576 [Note] InnoDB: 128 rollback segment(s) are active.
2018-05-15 18:23:05 1576 [Note] InnoDB: Waiting for purge to start
2018-05-15 18:23:05 1576 [Note] InnoDB:  Percona XtraDB (http://www.percona.com) 5.6.36-83.0 started; log sequence number 1835057
2018-05-15 18:23:05 14812 [Note] InnoDB: Dumping buffer pool(s) not yet started
2018-05-15 18:23:05 1576 [Note] Plugin 'FEEDBACK' is disabled.
2018-05-15 18:23:05 1576 [Note] Server socket created on IP: '::'.
2018-05-15 18:23:05 1576 [Note] c:\xampp\mysql\bin\mysqld.exe: ready for connections.
Version: '10.1.31-MariaDB'  socket: ''  port: 3306  mariadb.org binary distribution
2018-05-16 22:40:10 4b70 InnoDB: Warning: Using innodb_additional_mem_pool_size is DEPRECATED. This option may be removed in future releases, together with the option innodb_use_sys_malloc and with the InnoDB's internal memory allocator.
2018-05-16 22:40:10 19312 [Note] InnoDB: innodb_empty_free_list_algorithm has been changed to legacy because of small buffer pool size. In order to use backoff, increase buffer pool at least up to 20MB.

2018-05-16 22:40:10 19312 [Note] InnoDB: Using mutexes to ref count buffer pool pages
2018-05-16 22:40:10 19312 [Note] InnoDB: The InnoDB memory heap is disabled
2018-05-16 22:40:10 19312 [Note] InnoDB: Mutexes and rw_locks use Windows interlocked functions
2018-05-16 22:40:10 19312 [Note] InnoDB: _mm_lfence() and _mm_sfence() are used for memory barrier
2018-05-16 22:40:10 19312 [Note] InnoDB: Compressed tables use zlib 1.2.3
2018-05-16 22:40:10 19312 [Note] InnoDB: Using generic crc32 instructions
2018-05-16 22:40:10 19312 [Note] InnoDB: Initializing buffer pool, size = 16.0M
2018-05-16 22:40:10 19312 [Note] InnoDB: Completed initialization of buffer pool
2018-05-16 22:40:10 19312 [Note] InnoDB: Highest supported file format is Barracuda.
2018-05-16 22:40:10 19312 [Note] InnoDB: The log sequence number 1835037 in ibdata file do not match the log sequence number 1835067 in the ib_logfiles!
2018-05-16 22:40:10 19312 [Note] InnoDB: Restoring possible half-written data pages from the doublewrite buffer...
2018-05-16 22:40:10 19312 [Note] InnoDB: 128 rollback segment(s) are active.
2018-05-16 22:40:10 19312 [Note] InnoDB: Waiting for purge to start
2018-05-16 22:40:10 19312 [Note] InnoDB:  Percona XtraDB (http://www.percona.com) 5.6.36-83.0 started; log sequence number 1835067
2018-05-16 22:40:10 8304 [Note] InnoDB: Dumping buffer pool(s) not yet started
2018-05-16 22:40:10 19312 [Note] Plugin 'FEEDBACK' is disabled.
2018-05-16 22:40:10 19312 [Note] Server socket created on IP: '::'.
2018-05-16 22:40:10 19312 [Note] c:\xampp\mysql\bin\mysqld.exe: ready for connections.
Version: '10.1.31-MariaDB'  socket: ''  port: 3306  mariadb.org binary distribution
2018-05-17 16:05:28 400c InnoDB: Warning: Using innodb_additional_mem_pool_size is DEPRECATED. This option may be removed in future releases, together with the option innodb_use_sys_malloc and with the InnoDB's internal memory allocator.
2018-05-17 16:05:28 16396 [Note] InnoDB: innodb_empty_free_list_algorithm has been changed to legacy because of small buffer pool size. In order to use backoff, increase buffer pool at least up to 20MB.

2018-05-17 16:05:28 16396 [Note] InnoDB: Using mutexes to ref count buffer pool pages
2018-05-17 16:05:28 16396 [Note] InnoDB: The InnoDB memory heap is disabled
2018-05-17 16:05:28 16396 [Note] InnoDB: Mutexes and rw_locks use Windows interlocked functions
2018-05-17 16:05:28 16396 [Note] InnoDB: _mm_lfence() and _mm_sfence() are used for memory barrier
2018-05-17 16:05:28 16396 [Note] InnoDB: Compressed tables use zlib 1.2.3
2018-05-17 16:05:28 16396 [Note] InnoDB: Using generic crc32 instructions
2018-05-17 16:05:28 16396 [Note] InnoDB: Initializing buffer pool, size = 16.0M
2018-05-17 16:05:28 16396 [Note] InnoDB: Completed initialization of buffer pool
2018-05-17 16:05:28 16396 [Note] InnoDB: Highest supported file format is Barracuda.
2018-05-17 16:05:28 16396 [Note] InnoDB: The log sequence number 1835037 in ibdata file do not match the log sequence number 1835077 in the ib_logfiles!
2018-05-17 16:05:28 16396 [Note] InnoDB: Restoring possible half-written data pages from the doublewrite buffer...
2018-05-17 16:05:28 16396 [Note] InnoDB: 128 rollback segment(s) are active.
2018-05-17 16:05:28 16396 [Note] InnoDB: Waiting for purge to start
2018-05-17 16:05:28 16396 [Note] InnoDB:  Percona XtraDB (http://www.percona.com) 5.6.36-83.0 started; log sequence number 1835077
2018-05-17 16:05:28 14008 [Note] InnoDB: Dumping buffer pool(s) not yet started
2018-05-17 16:05:28 16396 [Note] Plugin 'FEEDBACK' is disabled.
2018-05-17 16:05:28 16396 [Note] Server socket created on IP: '::'.
2018-05-17 16:05:28 16396 [Note] c:\xampp\mysql\bin\mysqld.exe: ready for connections.
Version: '10.1.31-MariaDB'  socket: ''  port: 3306  mariadb.org binary distribution
2018-05-17 23:45:51 1eb0 InnoDB: Warning: Using innodb_additional_mem_pool_size is DEPRECATED. This option may be removed in future releases, together with the option innodb_use_sys_malloc and with the InnoDB's internal memory allocator.
2018-05-17 23:45:51 7856 [Note] InnoDB: innodb_empty_free_list_algorithm has been changed to legacy because of small buffer pool size. In order to use backoff, increase buffer pool at least up to 20MB.

2018-05-17 23:45:51 7856 [Note] InnoDB: Using mutexes to ref count buffer pool pages
2018-05-17 23:45:51 7856 [Note] InnoDB: The InnoDB memory heap is disabled
2018-05-17 23:45:51 7856 [Note] InnoDB: Mutexes and rw_locks use Windows interlocked functions
2018-05-17 23:45:51 7856 [Note] InnoDB: _mm_lfence() and _mm_sfence() are used for memory barrier
2018-05-17 23:45:51 7856 [Note] InnoDB: Compressed tables use zlib 1.2.3
2018-05-17 23:45:51 7856 [Note] InnoDB: Using generic crc32 instructions
2018-05-17 23:45:51 7856 [Note] InnoDB: Initializing buffer pool, size = 16.0M
2018-05-17 23:45:51 7856 [Note] InnoDB: Completed initialization of buffer pool
2018-05-17 23:45:51 7856 [Note] InnoDB: Highest supported file format is Barracuda.
2018-05-17 23:45:51 7856 [Note] InnoDB: The log sequence number 1835037 in ibdata file do not match the log sequence number 2028615 in the ib_logfiles!
2018-05-17 23:45:51 7856 [Note] InnoDB: Restoring possible half-written data pages from the doublewrite buffer...
2018-05-17 23:45:51 7856 [Note] InnoDB: 128 rollback segment(s) are active.
2018-05-17 23:45:51 7856 [Note] InnoDB: Waiting for purge to start
2018-05-17 23:45:51 7856 [Note] InnoDB:  Percona XtraDB (http://www.percona.com) 5.6.36-83.0 started; log sequence number 2028615
2018-05-17 23:45:51 13456 [Note] InnoDB: Dumping buffer pool(s) not yet started
2018-05-17 23:45:51 7856 [Note] Plugin 'FEEDBACK' is disabled.
2018-05-17 23:45:51 7856 [Note] Server socket created on IP: '::'.
2018-05-17 23:45:51 7856 [Note] c:\xampp\mysql\bin\mysqld.exe: ready for connections.
Version: '10.1.31-MariaDB'  socket: ''  port: 3306  mariadb.org binary distribution
2018-05-18 17:08:27 309c InnoDB: Warning: Using innodb_additional_mem_pool_size is DEPRECATED. This option may be removed in future releases, together with the option innodb_use_sys_malloc and with the InnoDB's internal memory allocator.
2018-05-18 17:08:27 12444 [Note] InnoDB: innodb_empty_free_list_algorithm has been changed to legacy because of small buffer pool size. In order to use backoff, increase buffer pool at least up to 20MB.

2018-05-18 17:08:27 12444 [Note] InnoDB: Using mutexes to ref count buffer pool pages
2018-05-18 17:08:27 12444 [Note] InnoDB: The InnoDB memory heap is disabled
2018-05-18 17:08:27 12444 [Note] InnoDB: Mutexes and rw_locks use Windows interlocked functions
2018-05-18 17:08:27 12444 [Note] InnoDB: _mm_lfence() and _mm_sfence() are used for memory barrier
2018-05-18 17:08:27 12444 [Note] InnoDB: Compressed tables use zlib 1.2.3
2018-05-18 17:08:28 12444 [Note] InnoDB: Using generic crc32 instructions
2018-05-18 17:08:28 12444 [Note] InnoDB: Initializing buffer pool, size = 16.0M
2018-05-18 17:08:28 12444 [Note] InnoDB: Completed initialization of buffer pool
2018-05-18 17:08:28 12444 [Note] InnoDB: Highest supported file format is Barracuda.
2018-05-18 17:08:28 12444 [Note] InnoDB: The log sequence number 1835037 in ibdata file do not match the log sequence number 2028625 in the ib_logfiles!
2018-05-18 17:08:28 12444 [Note] InnoDB: Restoring possible half-written data pages from the doublewrite buffer...
2018-05-18 17:08:28 12444 [Note] InnoDB: 128 rollback segment(s) are active.
2018-05-18 17:08:28 12444 [Note] InnoDB: Waiting for purge to start
2018-05-18 17:08:28 12444 [Note] InnoDB:  Percona XtraDB (http://www.percona.com) 5.6.36-83.0 started; log sequence number 2028625
2018-05-18 17:08:28 11864 [Note] InnoDB: Dumping buffer pool(s) not yet started
2018-05-18 17:08:28 12444 [Note] Plugin 'FEEDBACK' is disabled.
2018-05-18 17:08:28 12444 [Note] Server socket created on IP: '::'.
2018-05-18 17:08:28 12444 [Note] c:\xampp\mysql\bin\mysqld.exe: ready for connections.
Version: '10.1.31-MariaDB'  socket: ''  port: 3306  mariadb.org binary distribution
2018-05-18 21:22:55 1584 InnoDB: Warning: Using innodb_additional_mem_pool_size is DEPRECATED. This option may be removed in future releases, together with the option innodb_use_sys_malloc and with the InnoDB's internal memory allocator.
2018-05-18 21:22:55 5508 [Note] InnoDB: innodb_empty_free_list_algorithm has been changed to legacy because of small buffer pool size. In order to use backoff, increase buffer pool at least up to 20MB.

2018-05-18 21:22:55 5508 [Note] InnoDB: Using mutexes to ref count buffer pool pages
2018-05-18 21:22:55 5508 [Note] InnoDB: The InnoDB memory heap is disabled
2018-05-18 21:22:55 5508 [Note] InnoDB: Mutexes and rw_locks use Windows interlocked functions
2018-05-18 21:22:55 5508 [Note] InnoDB: _mm_lfence() and _mm_sfence() are used for memory barrier
2018-05-18 21:22:55 5508 [Note] InnoDB: Compressed tables use zlib 1.2.3
2018-05-18 21:22:55 5508 [Note] InnoDB: Using generic crc32 instructions
2018-05-18 21:22:55 5508 [Note] InnoDB: Initializing buffer pool, size = 16.0M
2018-05-18 21:22:55 5508 [Note] InnoDB: Completed initialization of buffer pool
2018-05-18 21:22:55 5508 [Note] InnoDB: Highest supported file format is Barracuda.
2018-05-18 21:22:55 5508 [Note] InnoDB: The log sequence number 1835037 in ibdata file do not match the log sequence number 2134879 in the ib_logfiles!
2018-05-18 21:22:55 5508 [Note] InnoDB: Restoring possible half-written data pages from the doublewrite buffer...
2018-05-18 21:22:55 5508 [Note] InnoDB: 128 rollback segment(s) are active.
2018-05-18 21:22:55 5508 [Note] InnoDB: Waiting for purge to start
2018-05-18 21:22:55 5508 [Note] InnoDB:  Percona XtraDB (http://www.percona.com) 5.6.36-83.0 started; log sequence number 2134879
2018-05-18 21:22:55 17928 [Note] InnoDB: Dumping buffer pool(s) not yet started
2018-05-18 21:22:55 5508 [Note] Plugin 'FEEDBACK' is disabled.
2018-05-18 21:22:55 5508 [Note] Server socket created on IP: '::'.
2018-05-18 21:22:55 5508 [Note] c:\xampp\mysql\bin\mysqld.exe: ready for connections.
Version: '10.1.31-MariaDB'  socket: ''  port: 3306  mariadb.org binary distribution
2018-05-19 01:16:40 2e08 InnoDB: Warning: Using innodb_additional_mem_pool_size is DEPRECATED. This option may be removed in future releases, together with the option innodb_use_sys_malloc and with the InnoDB's internal memory allocator.
2018-05-19  1:16:40 11784 [Note] InnoDB: innodb_empty_free_list_algorithm has been changed to legacy because of small buffer pool size. In order to use backoff, increase buffer pool at least up to 20MB.

2018-05-19  1:16:40 11784 [Note] InnoDB: Using mutexes to ref count buffer pool pages
2018-05-19  1:16:40 11784 [Note] InnoDB: The InnoDB memory heap is disabled
2018-05-19  1:16:40 11784 [Note] InnoDB: Mutexes and rw_locks use Windows interlocked functions
2018-05-19  1:16:40 11784 [Note] InnoDB: _mm_lfence() and _mm_sfence() are used for memory barrier
2018-05-19  1:16:40 11784 [Note] InnoDB: Compressed tables use zlib 1.2.3
2018-05-19  1:16:40 11784 [Note] InnoDB: Using generic crc32 instructions
2018-05-19  1:16:40 11784 [Note] InnoDB: Initializing buffer pool, size = 16.0M
2018-05-19  1:16:40 11784 [Note] InnoDB: Completed initialization of buffer pool
2018-05-19  1:16:40 11784 [Note] InnoDB: Highest supported file format is Barracuda.
2018-05-19  1:16:40 11784 [Note] InnoDB: The log sequence number 1835037 in ibdata file do not match the log sequence number 2134889 in the ib_logfiles!
2018-05-19  1:16:40 11784 [Note] InnoDB: Restoring possible half-written data pages from the doublewrite buffer...
2018-05-19  1:16:40 11784 [Note] InnoDB: 128 rollback segment(s) are active.
2018-05-19  1:16:40 11784 [Note] InnoDB: Waiting for purge to start
2018-05-19  1:16:40 11784 [Note] InnoDB:  Percona XtraDB (http://www.percona.com) 5.6.36-83.0 started; log sequence number 2134889
2018-05-19  1:16:40 8448 [Note] InnoDB: Dumping buffer pool(s) not yet started
2018-05-19  1:16:40 11784 [Note] Plugin 'FEEDBACK' is disabled.
2018-05-19  1:16:40 11784 [Note] Server socket created on IP: '::'.
2018-05-19  1:16:40 11784 [Note] c:\xampp\mysql\bin\mysqld.exe: ready for connections.
Version: '10.1.31-MariaDB'  socket: ''  port: 3306  mariadb.org binary distribution
2018-05-20 18:22:06 48a0 InnoDB: Warning: Using innodb_additional_mem_pool_size is DEPRECATED. This option may be removed in future releases, together with the option innodb_use_sys_malloc and with the InnoDB's internal memory allocator.
2018-05-20 18:22:06 18592 [Note] InnoDB: innodb_empty_free_list_algorithm has been changed to legacy because of small buffer pool size. In order to use backoff, increase buffer pool at least up to 20MB.

2018-05-20 18:22:06 18592 [Note] InnoDB: Using mutexes to ref count buffer pool pages
2018-05-20 18:22:06 18592 [Note] InnoDB: The InnoDB memory heap is disabled
2018-05-20 18:22:06 18592 [Note] InnoDB: Mutexes and rw_locks use Windows interlocked functions
2018-05-20 18:22:06 18592 [Note] InnoDB: _mm_lfence() and _mm_sfence() are used for memory barrier
2018-05-20 18:22:06 18592 [Note] InnoDB: Compressed tables use zlib 1.2.3
2018-05-20 18:22:06 18592 [Note] InnoDB: Using generic crc32 instructions
2018-05-20 18:22:06 18592 [Note] InnoDB: Initializing buffer pool, size = 16.0M
2018-05-20 18:22:06 18592 [Note] InnoDB: Completed initialization of buffer pool
2018-05-20 18:22:06 18592 [Note] InnoDB: Highest supported file format is Barracuda.
2018-05-20 18:22:06 18592 [Note] InnoDB: The log sequence number 1835037 in ibdata file do not match the log sequence number 2135346 in the ib_logfiles!
2018-05-20 18:22:06 18592 [Note] InnoDB: Restoring possible half-written data pages from the doublewrite buffer...
2018-05-20 18:22:06 18592 [Note] InnoDB: 128 rollback segment(s) are active.
2018-05-20 18:22:06 18592 [Note] InnoDB: Waiting for purge to start
2018-05-20 18:22:06 18592 [Note] InnoDB:  Percona XtraDB (http://www.percona.com) 5.6.36-83.0 started; log sequence number 2135346
2018-05-20 18:22:06 19388 [Note] InnoDB: Dumping buffer pool(s) not yet started
2018-05-20 18:22:06 18592 [Note] Plugin 'FEEDBACK' is disabled.
2018-05-20 18:22:06 18592 [Note] Server socket created on IP: '::'.
2018-05-20 18:22:07 18592 [Note] c:\xampp\mysql\bin\mysqld.exe: ready for connections.
Version: '10.1.31-MariaDB'  socket: ''  port: 3306  mariadb.org binary distribution
